INFO: latexindent.exe version 3.8, 2020-03-21, a script to indent .tex files
      latexindent.exe lives here: D:/texlive/2020/bin/win32/
      Sun Jun  6 10:33:33 2021
      Filename: d:/USTC/DP2021_labs/hw2/__latexindent_temp.tex
INFO: Processing switches:
      -y|--yaml: YAML settings specified via command line
      -c|--cruft: cruft directory
INFO: Directory for backup files and d:/USTC/DP2021_labs/hw1//indent.log: d:/USTC/DP2021_labs/hw1/
INFO: YAML settings read: defaultSettings.yaml
      Reading defaultSettings.yaml from D:/texlive/2020/bin/win32/defaultSettings.yaml
      Reading defaultSettings.yaml (2nd attempt, TeXLive, Windows) from D:/texlive/2020/bin/win32/../../texmf-dist/scripts/latexindent/defaultSettings.yaml
INFO: YAML settings read: indentconfig.yaml or .indentconfig.yaml
      Home directory is C:\Users\Asus (didn't find either indentconfig.yaml or .indentconfig.yaml)
      To specify user settings you would put indentconfig.yaml here: C:\Users\Asus/indentconfig.yaml
      Alternatively, you can use the hidden file .indentconfig.yaml as: C:\Users\Asus/.indentconfig.yaml
INFO: YAML settings read: -y switch
      Updating masterSettings with defaultIndent:     
INFO: Phase 1: searching for objects
INFO: Phase 2: finding surrounding indentation
INFO: Phase 3: indenting objects
INFO: Phase 4: final indentation check
INFO: Output routine:
      Not outputting to file; see -w and -o switches for more options.
      --------------
INFO: Please direct all communication/issues to:
      https://github.com/cmhughes/latexindent.pl
